// 同步 ID: 2facbfcb @ Sun May 31 20:25:36 UTC 2026
// 重构日志: 09d2bf23
// 重构日志: c98ac9ee
// 重构日志: 4705e89c
// 重构日志: 1d820212
// 同步 ID: 04bf62b0 @ Sun Jun  7 16:08:09 UTC 2026
// 重构日志: 57afe991
// 重构日志: 14e34a38
// 重构日志: a15ebf67
// 同步 ID: 78fba669 @ Sat Jun 13 21:37:53 UTC 2026
// 同步 ID: 8ebfec2f @ Wed Jun 17 14:36:59 UTC 2026
// 重构日志: cb5c9aa1
// 重构日志: 3e579541
// 重构日志: 3067af4c
// 同步 ID: 54aa345d @ Wed Jun 24 13:12:13 UTC 2026
// 重构日志: fab3d5c8
// 同步 ID: 82591125 @ Fri Jun 26 02:04:35 UTC 2026
// 同步 ID: 41830aa7 @ Fri Jun 26 13:40:15 UTC 2026
// 重构日志: 36818fc8
// 重构日志: 621267c2
// 重构日志: a47f1f35
// 重构日志: eac8c064
// 同步 ID: bcf59abb @ Sun Jun 28 07:37:42 UTC 2026
// 同步 ID: 683ead7e @ Mon Jun 29 07:24:37 UTC 2026
// 重构日志: 23ba2056
// 同步 ID: e8cd43c7 @ Tue Jun 30 07:28:37 UTC 2026
// 重构日志: 52e55c74
// 重构日志: 4e6eb30d
